C:\Program Files (x86)\Microsoft Visual Studio\2019\Community\MSBuild\Microsoft\VC\v160\Microsoft.CppBuild.targets(438,5): warning MSB8004: Output Directory does not end with a trailing slash.  This build instance will add the slash as it is required to allow proper evaluation of the Output Directory.
C:\Program Files (x86)\Microsoft Visual Studio\2019\Community\MSBuild\Microsoft\VC\v160\Microsoft.CppBuild.targets(452,5): warning MSB8028: The intermediate directory (Release\) contains files shared from another project (ShuttlePBforReal.vcxproj).  This can lead to incorrect clean and rebuild behavior.
  ProjectMercuryRedstone.cpp
C:\Orbiter2016\Orbitersdk\samples\Experiments\ShuttlePBforReal\ShuttlePBforReal\MercuryCapsule.h(2181,38): warning C4838: conversion from 'int' to 'UINT' requires a narrowing conversion
C:\Orbiter2016\Orbitersdk\samples\Experiments\ShuttlePBforReal\ShuttlePBforReal\ProjectMercuryRedstone.cpp(1366,54): warning C4244: 'argument': conversion from 'double' to 'int', possible loss of data
C:\Orbiter2016\Orbitersdk\samples\Experiments\ShuttlePBforReal\ShuttlePBforReal\ProjectMercuryRedstone.cpp(1495,10): warning C4101: 'posG': unreferenced local variable
C:\Orbiter2016\Orbitersdk\samples\Experiments\ShuttlePBforReal\ShuttlePBforReal\ProjectMercuryRedstone.cpp(1495,22): warning C4101: 'velE': unreferenced local variable
C:\Orbiter2016\Orbitersdk\samples\Experiments\ShuttlePBforReal\ShuttlePBforReal\ProjectMercuryRedstone.cpp(1515,3): warning C4305: 'argument': truncation from 'double' to 'float'
C:\Orbiter2016\Orbitersdk\samples\Experiments\ShuttlePBforReal\ShuttlePBforReal\ProjectMercuryRedstone.cpp(1527,3): warning C4305: 'argument': truncation from 'double' to 'float'
C:\Orbiter2016\Orbitersdk\samples\Experiments\ShuttlePBforReal\ShuttlePBforReal\ProjectMercuryRedstone.cpp(1539,3): warning C4305: 'argument': truncation from 'double' to 'float'
C:\Orbiter2016\Orbitersdk\samples\Experiments\ShuttlePBforReal\ShuttlePBforReal\ProjectMercuryRedstone.cpp(1551,3): warning C4305: 'argument': truncation from 'double' to 'float'
C:\Orbiter2016\Orbitersdk\samples\Experiments\ShuttlePBforReal\ShuttlePBforReal\ProjectMercuryRedstone.cpp(1569,3): warning C4305: 'argument': truncation from 'double' to 'float'
C:\Orbiter2016\Orbitersdk\samples\Experiments\ShuttlePBforReal\ShuttlePBforReal\ProjectMercuryRedstone.cpp(1581,3): warning C4305: 'argument': truncation from 'double' to 'float'
C:\Orbiter2016\Orbitersdk\samples\Experiments\ShuttlePBforReal\ShuttlePBforReal\ProjectMercuryRedstone.cpp(1593,3): warning C4305: 'argument': truncation from 'double' to 'float'
C:\Orbiter2016\Orbitersdk\samples\Experiments\ShuttlePBforReal\ShuttlePBforReal\ProjectMercuryRedstone.cpp(1605,3): warning C4305: 'argument': truncation from 'double' to 'float'
     Creating library ..\..\..\..\..\Modules\ProjectMercury\ProjectMercuryRedstone.lib and object ..\..\..\..\..\Modules\ProjectMercury\ProjectMercuryRedstone.exp
  Generating code
  21 of 276 functions ( 7.6%) were compiled, the rest were copied from previous compilation.
    0 functions were new in current compilation
    8 functions had inline decision re-evaluated but remain unchanged
  Finished generating code
  ShuttlePBforReal.vcxproj -> C:\Orbiter2016\Orbitersdk\samples\Experiments\ShuttlePBforReal\ShuttlePBforReal\..\..\..\..\..\Modules\ProjectMercury\ProjectMercuryRedstone.dll
